11:28:11.867 [pool-1-thread-2] ERROR org.coocox.codb.common.log.ErrorLog - menuToolbarStat api exception!errorCode:2000
PUT API FAILED! 
org.coocox.codb.client.core.api.ClientBaseApi.putRespCheck(ClientBaseApi.java:55)
org.coocox.codb.client.core.api.impl.StatApiImpl.menuToolbarStat(StatApiImpl.java:85)
org.coocox.codb.client.core.task.StatisticsHandler$StatHandler.run(StatisticsHandler.java:78)
java.util.concurrent.ThreadPoolExecutor$Worker.runTask(Unknown Source)
java.util.concurrent.ThreadPoolExecutor$Worker.run(Unknown Source)
java.lang.Thread.run(Unknown Source)


11:28:33.026 [pool-1-thread-1] ERROR org.coocox.codb.common.log.ErrorLog - menuToolbarStat api exception!errorCode:2000
PUT API FAILED! 
org.coocox.codb.client.core.api.ClientBaseApi.putRespCheck(ClientBaseApi.java:55)
org.coocox.codb.client.core.api.impl.StatApiImpl.menuToolbarStat(StatApiImpl.java:85)
org.coocox.codb.client.core.task.StatisticsHandler$StatHandler.run(StatisticsHandler.java:78)
java.util.concurrent.ThreadPoolExecutor$Worker.runTask(Unknown Source)
java.util.concurrent.ThreadPoolExecutor$Worker.run(Unknown Source)
java.lang.Thread.run(Unknown Source)


11:49:49.491 [pool-1-thread-2] ERROR org.coocox.codb.common.log.ErrorLog - menuToolbarStat api exception!errorCode:2000
PUT API FAILED! 
org.coocox.codb.client.core.api.ClientBaseApi.putRespCheck(ClientBaseApi.java:55)
org.coocox.codb.client.core.api.impl.StatApiImpl.menuToolbarStat(StatApiImpl.java:85)
org.coocox.codb.client.core.task.StatisticsHandler$StatHandler.run(StatisticsHandler.java:78)
java.util.concurrent.ThreadPoolExecutor$Worker.runTask(Unknown Source)
java.util.concurrent.ThreadPoolExecutor$Worker.run(Unknown Source)
java.lang.Thread.run(Unknown Source)


11:57:56.860 [pool-1-thread-1] ERROR org.coocox.codb.common.log.ErrorLog - menuToolbarStat api exception!errorCode:2000
PUT API FAILED! 
org.coocox.codb.client.core.api.ClientBaseApi.putRespCheck(ClientBaseApi.java:55)
org.coocox.codb.client.core.api.impl.StatApiImpl.menuToolbarStat(StatApiImpl.java:85)
org.coocox.codb.client.core.task.StatisticsHandler$StatHandler.run(StatisticsHandler.java:78)
java.util.concurrent.ThreadPoolExecutor$Worker.runTask(Unknown Source)
java.util.concurrent.ThreadPoolExecutor$Worker.run(Unknown Source)
java.lang.Thread.run(Unknown Source)


11:58:07.860 [pool-1-thread-2] ERROR org.coocox.codb.common.log.ErrorLog - menuToolbarStat api exception!errorCode:2000
PUT API FAILED! 
org.coocox.codb.client.core.api.ClientBaseApi.putRespCheck(ClientBaseApi.java:55)
org.coocox.codb.client.core.api.impl.StatApiImpl.menuToolbarStat(StatApiImpl.java:85)
org.coocox.codb.client.core.task.StatisticsHandler$StatHandler.run(StatisticsHandler.java:78)
java.util.concurrent.ThreadPoolExecutor$Worker.runTask(Unknown Source)
java.util.concurrent.ThreadPoolExecutor$Worker.run(Unknown Source)
java.lang.Thread.run(Unknown Source)


12:00:53.392 [pool-1-thread-1] ERROR org.coocox.codb.common.log.ErrorLog - menuToolbarStat api exception!errorCode:2000
PUT API FAILED! 
org.coocox.codb.client.core.api.ClientBaseApi.putRespCheck(ClientBaseApi.java:55)
org.coocox.codb.client.core.api.impl.StatApiImpl.menuToolbarStat(StatApiImpl.java:85)
org.coocox.codb.client.core.task.StatisticsHandler$StatHandler.run(StatisticsHandler.java:78)
java.util.concurrent.ThreadPoolExecutor$Worker.runTask(Unknown Source)
java.util.concurrent.ThreadPoolExecutor$Worker.run(Unknown Source)
java.lang.Thread.run(Unknown Source)


